<?xml version="1.0" encoding="UTF-8"?>
<testng-results ignored="0" total="6" passed="6" failed="0" skipped="0">
  <reporter-output>
  </reporter-output>
  <suite started-at="2024-03-01T15:07:25 IST" name="Suite" finished-at="2024-03-01T15:09:36 IST" duration-ms="130596">
    <groups>
    </groups>
    <test started-at="2024-03-01T15:07:25 IST" name="ChromeTest" finished-at="2024-03-01T15:08:08 IST" duration-ms="42589">
      <class name="testNG.verifyAddtoCartfunctionFlipkart">
        <test-method is-config="true" signature="openBrowser(java.lang.String)[pri:0, instance:testNG.verifyAddtoCartfunctionFlipkart@459e9125]" started-at="2024-03-01T15:07:25 IST" name="openBrowser" finished-at="2024-03-01T15:07:27 IST" duration-ms="1309" status="PASS">
          <params>
            <param index="0">
              <value>
                <![CDATA[Chrome]]>
              </value>
            </param>
          </params>
          <reporter-output>
          </reporter-output>
        </test-method> <!-- openBrowser -->
        <test-method is-config="true" signature="createPOMobjects()[pri:0, instance:testNG.verifyAddtoCartfunctionFlipkart@459e9125]" started-at="2024-03-01T15:07:27 IST" name="createPOMobjects" finished-at="2024-03-01T15:07:27 IST" duration-ms="22" status="PASS">
          <reporter-output>
          </reporter-output>
        </test-method> <!-- createPOMobjects -->
        <test-method is-config="true" signature="openFlipkart()[pri:0, instance:testNG.verifyAddtoCartfunctionFlipkart@459e9125]" started-at="2024-03-01T15:07:27 IST" name="openFlipkart" finished-at="2024-03-01T15:07:42 IST" duration-ms="15713" status="PASS">
          <reporter-output>
          </reporter-output>
        </test-method> <!-- openFlipkart -->
        <test-method signature="verifyAddtoCartFlipcart()[pri:1, instance:testNG.verifyAddtoCartfunctionFlipkart@459e9125]" started-at="2024-03-01T15:07:42 IST" name="verifyAddtoCartFlipcart" finished-at="2024-03-01T15:07:54 IST" duration-ms="11421" status="PASS">
          <reporter-output>
          </reporter-output>
        </test-method> <!-- verifyAddtoCartFlipcart -->
        <test-method is-config="true" signature="failScreenshotlogOutFlipkart(org.testng.ITestResult)[pri:0, instance:testNG.verifyAddtoCartfunctionFlipkart@459e9125]" started-at="2024-03-01T15:07:54 IST" name="failScreenshotlogOutFlipkart" finished-at="2024-03-01T15:07:54 IST" duration-ms="2" status="PASS">
          <params>
            <param index="0">
              <value>
                <![CDATA[[TestResult name=verifyAddtoCartFlipcart status=SUCCESS method=verifyAddtoCartfunctionFlipkart.verifyAddtoCartFlipcart()[pri:1, instance:testNG.verifyAddtoCartfunctionFlipkart@459e9125] output={null}]]]>
              </value>
            </param>
          </params>
          <reporter-output>
          </reporter-output>
        </test-method> <!-- failScreenshotlogOutFlipkart -->
        <test-method is-config="true" signature="openFlipkart()[pri:0, instance:testNG.verifyAddtoCartfunctionFlipkart@459e9125]" started-at="2024-03-01T15:07:54 IST" name="openFlipkart" finished-at="2024-03-01T15:08:04 IST" duration-ms="9628" status="PASS">
          <reporter-output>
          </reporter-output>
        </test-method> <!-- openFlipkart -->
        <test-method signature="verifyCompareOption()[pri:2, instance:testNG.verifyAddtoCartfunctionFlipkart@459e9125]" started-at="2024-03-01T15:08:04 IST" name="verifyCompareOption" finished-at="2024-03-01T15:08:08 IST" duration-ms="4395" status="PASS">
          <reporter-output>
          </reporter-output>
        </test-method> <!-- verifyCompareOption -->
        <test-method is-config="true" signature="failScreenshotlogOutFlipkart(org.testng.ITestResult)[pri:0, instance:testNG.verifyAddtoCartfunctionFlipkart@459e9125]" started-at="2024-03-01T15:08:08 IST" name="failScreenshotlogOutFlipkart" finished-at="2024-03-01T15:08:08 IST" duration-ms="1" status="PASS">
          <params>
            <param index="0">
              <value>
                <![CDATA[[TestResult name=verifyCompareOption status=SUCCESS method=verifyAddtoCartfunctionFlipkart.verifyCompareOption()[pri:2, instance:testNG.verifyAddtoCartfunctionFlipkart@459e9125] output={null}]]]>
              </value>
            </param>
          </params>
          <reporter-output>
          </reporter-output>
        </test-method> <!-- failScreenshotlogOutFlipkart -->
        <test-method is-config="true" signature="clearObjects()[pri:0, instance:testNG.verifyAddtoCartfunctionFlipkart@459e9125]" started-at="2024-03-01T15:08:08 IST" name="clearObjects" finished-at="2024-03-01T15:08:08 IST" duration-ms="1" status="PASS">
          <reporter-output>
          </reporter-output>
        </test-method> <!-- clearObjects -->
        <test-method is-config="true" signature="closeBrowser()[pri:0, instance:testNG.verifyAddtoCartfunctionFlipkart@459e9125]" started-at="2024-03-01T15:08:08 IST" name="closeBrowser" finished-at="2024-03-01T15:08:08 IST" duration-ms="39" status="PASS">
          <reporter-output>
          </reporter-output>
        </test-method> <!-- closeBrowser -->
      </class> <!-- testNG.verifyAddtoCartfunctionFlipkart -->
    </test> <!-- ChromeTest -->
    <test started-at="2024-03-01T15:08:08 IST" name="FirefoxTest" finished-at="2024-03-01T15:08:52 IST" duration-ms="43665">
      <class name="testNG.verifyAddtoCartfunctionFlipkart">
        <test-method is-config="true" signature="openBrowser(java.lang.String)[pri:0, instance:testNG.verifyAddtoCartfunctionFlipkart@22ff4249]" started-at="2024-03-01T15:08:08 IST" name="openBrowser" finished-at="2024-03-01T15:08:10 IST" duration-ms="2186" status="PASS">
          <params>
            <param index="0">
              <value>
                <![CDATA[Firefox]]>
              </value>
            </param>
          </params>
          <reporter-output>
          </reporter-output>
        </test-method> <!-- openBrowser -->
        <test-method is-config="true" signature="createPOMobjects()[pri:0, instance:testNG.verifyAddtoCartfunctionFlipkart@22ff4249]" started-at="2024-03-01T15:08:10 IST" name="createPOMobjects" finished-at="2024-03-01T15:08:10 IST" duration-ms="1" status="PASS">
          <reporter-output>
          </reporter-output>
        </test-method> <!-- createPOMobjects -->
        <test-method is-config="true" signature="openFlipkart()[pri:0, instance:testNG.verifyAddtoCartfunctionFlipkart@22ff4249]" started-at="2024-03-01T15:08:10 IST" name="openFlipkart" finished-at="2024-03-01T15:08:26 IST" duration-ms="15570" status="PASS">
          <reporter-output>
          </reporter-output>
        </test-method> <!-- openFlipkart -->
        <test-method signature="verifyAddtoCartFlipcart()[pri:1, instance:testNG.verifyAddtoCartfunctionFlipkart@22ff4249]" started-at="2024-03-01T15:08:26 IST" name="verifyAddtoCartFlipcart" finished-at="2024-03-01T15:08:37 IST" duration-ms="11437" status="PASS">
          <reporter-output>
          </reporter-output>
        </test-method> <!-- verifyAddtoCartFlipcart -->
        <test-method is-config="true" signature="failScreenshotlogOutFlipkart(org.testng.ITestResult)[pri:0, instance:testNG.verifyAddtoCartfunctionFlipkart@22ff4249]" started-at="2024-03-01T15:08:37 IST" name="failScreenshotlogOutFlipkart" finished-at="2024-03-01T15:08:37 IST" duration-ms="1" status="PASS">
          <params>
            <param index="0">
              <value>
                <![CDATA[[TestResult name=verifyAddtoCartFlipcart status=SUCCESS method=verifyAddtoCartfunctionFlipkart.verifyAddtoCartFlipcart()[pri:1, instance:testNG.verifyAddtoCartfunctionFlipkart@22ff4249] output={null}]]]>
              </value>
            </param>
          </params>
          <reporter-output>
          </reporter-output>
        </test-method> <!-- failScreenshotlogOutFlipkart -->
        <test-method is-config="true" signature="openFlipkart()[pri:0, instance:testNG.verifyAddtoCartfunctionFlipkart@22ff4249]" started-at="2024-03-01T15:08:37 IST" name="openFlipkart" finished-at="2024-03-01T15:08:47 IST" duration-ms="9839" status="PASS">
          <reporter-output>
          </reporter-output>
        </test-method> <!-- openFlipkart -->
        <test-method signature="verifyCompareOption()[pri:2, instance:testNG.verifyAddtoCartfunctionFlipkart@22ff4249]" started-at="2024-03-01T15:08:47 IST" name="verifyCompareOption" finished-at="2024-03-01T15:08:52 IST" duration-ms="4591" status="PASS">
          <reporter-output>
          </reporter-output>
        </test-method> <!-- verifyCompareOption -->
        <test-method is-config="true" signature="failScreenshotlogOutFlipkart(org.testng.ITestResult)[pri:0, instance:testNG.verifyAddtoCartfunctionFlipkart@22ff4249]" started-at="2024-03-01T15:08:52 IST" name="failScreenshotlogOutFlipkart" finished-at="2024-03-01T15:08:52 IST" duration-ms="0" status="PASS">
          <params>
            <param index="0">
              <value>
                <![CDATA[[TestResult name=verifyCompareOption status=SUCCESS method=verifyAddtoCartfunctionFlipkart.verifyCompareOption()[pri:2, instance:testNG.verifyAddtoCartfunctionFlipkart@22ff4249] output={null}]]]>
              </value>
            </param>
          </params>
          <reporter-output>
          </reporter-output>
        </test-method> <!-- failScreenshotlogOutFlipkart -->
        <test-method is-config="true" signature="clearObjects()[pri:0, instance:testNG.verifyAddtoCartfunctionFlipkart@22ff4249]" started-at="2024-03-01T15:08:52 IST" name="clearObjects" finished-at="2024-03-01T15:08:52 IST" duration-ms="0" status="PASS">
          <reporter-output>
          </reporter-output>
        </test-method> <!-- clearObjects -->
        <test-method is-config="true" signature="closeBrowser()[pri:0, instance:testNG.verifyAddtoCartfunctionFlipkart@22ff4249]" started-at="2024-03-01T15:08:52 IST" name="closeBrowser" finished-at="2024-03-01T15:08:52 IST" duration-ms="30" status="PASS">
          <reporter-output>
          </reporter-output>
        </test-method> <!-- closeBrowser -->
      </class> <!-- testNG.verifyAddtoCartfunctionFlipkart -->
    </test> <!-- FirefoxTest -->
    <test started-at="2024-03-01T15:08:52 IST" name="EdgeTest" finished-at="2024-03-01T15:09:36 IST" duration-ms="44288">
      <class name="testNG.verifyAddtoCartfunctionFlipkart">
        <test-method is-config="true" signature="openBrowser(java.lang.String)[pri:0, instance:testNG.verifyAddtoCartfunctionFlipkart@4c402120]" started-at="2024-03-01T15:08:52 IST" name="openBrowser" finished-at="2024-03-01T15:08:54 IST" duration-ms="2706" status="PASS">
          <params>
            <param index="0">
              <value>
                <![CDATA[Edge]]>
              </value>
            </param>
          </params>
          <reporter-output>
          </reporter-output>
        </test-method> <!-- openBrowser -->
        <test-method is-config="true" signature="createPOMobjects()[pri:0, instance:testNG.verifyAddtoCartfunctionFlipkart@4c402120]" started-at="2024-03-01T15:08:54 IST" name="createPOMobjects" finished-at="2024-03-01T15:08:54 IST" duration-ms="2" status="PASS">
          <reporter-output>
          </reporter-output>
        </test-method> <!-- createPOMobjects -->
        <test-method is-config="true" signature="openFlipkart()[pri:0, instance:testNG.verifyAddtoCartfunctionFlipkart@4c402120]" started-at="2024-03-01T15:08:54 IST" name="openFlipkart" finished-at="2024-03-01T15:09:10 IST" duration-ms="15509" status="PASS">
          <reporter-output>
          </reporter-output>
        </test-method> <!-- openFlipkart -->
        <test-method signature="verifyAddtoCartFlipcart()[pri:1, instance:testNG.verifyAddtoCartfunctionFlipkart@4c402120]" started-at="2024-03-01T15:09:10 IST" name="verifyAddtoCartFlipcart" finished-at="2024-03-01T15:09:21 IST" duration-ms="11436" status="PASS">
          <reporter-output>
          </reporter-output>
        </test-method> <!-- verifyAddtoCartFlipcart -->
        <test-method is-config="true" signature="failScreenshotlogOutFlipkart(org.testng.ITestResult)[pri:0, instance:testNG.verifyAddtoCartfunctionFlipkart@4c402120]" started-at="2024-03-01T15:09:21 IST" name="failScreenshotlogOutFlipkart" finished-at="2024-03-01T15:09:21 IST" duration-ms="0" status="PASS">
          <params>
            <param index="0">
              <value>
                <![CDATA[[TestResult name=verifyAddtoCartFlipcart status=SUCCESS method=verifyAddtoCartfunctionFlipkart.verifyAddtoCartFlipcart()[pri:1, instance:testNG.verifyAddtoCartfunctionFlipkart@4c402120] output={null}]]]>
              </value>
            </param>
          </params>
          <reporter-output>
          </reporter-output>
        </test-method> <!-- failScreenshotlogOutFlipkart -->
        <test-method is-config="true" signature="openFlipkart()[pri:0, instance:testNG.verifyAddtoCartfunctionFlipkart@4c402120]" started-at="2024-03-01T15:09:21 IST" name="openFlipkart" finished-at="2024-03-01T15:09:31 IST" duration-ms="9972" status="PASS">
          <reporter-output>
          </reporter-output>
        </test-method> <!-- openFlipkart -->
        <test-method signature="verifyCompareOption()[pri:2, instance:testNG.verifyAddtoCartfunctionFlipkart@4c402120]" started-at="2024-03-01T15:09:31 IST" name="verifyCompareOption" finished-at="2024-03-01T15:09:36 IST" duration-ms="4625" status="PASS">
          <reporter-output>
          </reporter-output>
        </test-method> <!-- verifyCompareOption -->
        <test-method is-config="true" signature="failScreenshotlogOutFlipkart(org.testng.ITestResult)[pri:0, instance:testNG.verifyAddtoCartfunctionFlipkart@4c402120]" started-at="2024-03-01T15:09:36 IST" name="failScreenshotlogOutFlipkart" finished-at="2024-03-01T15:09:36 IST" duration-ms="1" status="PASS">
          <params>
            <param index="0">
              <value>
                <![CDATA[[TestResult name=verifyCompareOption status=SUCCESS method=verifyAddtoCartfunctionFlipkart.verifyCompareOption()[pri:2, instance:testNG.verifyAddtoCartfunctionFlipkart@4c402120] output={null}]]]>
              </value>
            </param>
          </params>
          <reporter-output>
          </reporter-output>
        </test-method> <!-- failScreenshotlogOutFlipkart -->
        <test-method is-config="true" signature="clearObjects()[pri:0, instance:testNG.verifyAddtoCartfunctionFlipkart@4c402120]" started-at="2024-03-01T15:09:36 IST" name="clearObjects" finished-at="2024-03-01T15:09:36 IST" duration-ms="0" status="PASS">
          <reporter-output>
          </reporter-output>
        </test-method> <!-- clearObjects -->
        <test-method is-config="true" signature="closeBrowser()[pri:0, instance:testNG.verifyAddtoCartfunctionFlipkart@4c402120]" started-at="2024-03-01T15:09:36 IST" name="closeBrowser" finished-at="2024-03-01T15:09:36 IST" duration-ms="28" status="PASS">
          <reporter-output>
          </reporter-output>
        </test-method> <!-- closeBrowser -->
      </class> <!-- testNG.verifyAddtoCartfunctionFlipkart -->
    </test> <!-- EdgeTest -->
  </suite> <!-- Suite -->
</testng-results>
