<?xml version="1.0" encoding="UTF-8"?>
<!-- Generated by org.testng.reporters.JUnitXMLReporter -->
<testsuite ignored="0" hostname="DESKTOP-BHR3PSD" failures="0" tests="2" name="FirefoxTest" time="43.665" errors="0" timestamp="2024-03-01T15:08:52 IST">
  <testcase classname="testNG.verifyAddtoCartfunctionFlipkart" name="verifyAddtoCartFlipcart" time="11.437"/>
  <testcase classname="testNG.verifyAddtoCartfunctionFlipkart" name="verifyCompareOption" time="4.591"/>
</testsuite> <!-- FirefoxTest -->
